<?xml version="1.0" encoding="UTF-8"?>
<!-- Generated by org.testng.reporters.JUnitReportReporter -->
<testsuite skipped="0" hostname="DESKTOP-J6BP7CU" name="browseroprations.Sample" tests="1" failures="0" timestamp="2022-05-08T16:19:46 IST" time="0.015" errors="0">
  <testcase name="smokeTC1" time="0.015" classname="browseroprations.Sample"/>
  <system-out/>
</testsuite> <!-- browseroprations.Sample -->
